d:\univer\3_kurs\5_sem\os\lab_03\lab_03w\lab-03x\x64\debug\vc143.pdb
d:\univer\3_kurs\5_sem\os\lab_03\lab_03w\lab-03x\x64\debug\vc143.idb
d:\univer\3_kurs\5_sem\os\lab_03\lab_03w\lab-03x\x64\debug\lab-03x.obj
d:\univer\3_kurs\5_sem\os\lab_03\lab_03w\x64\debug\lab-03x.exe
d:\univer\3_kurs\5_sem\os\lab_03\lab_03w\x64\debug\lab-03x.pdb
d:\univer\3_kurs\5_sem\os\lab_03\lab_03w\lab-03x\x64\debug\lab-03x.ilk
d:\users\lenovo\desktop\lab_03w\lab-03x\x64\debug\lab-03x.obj
d:\users\lenovo\desktop\lab_03w\lab-03x\x64\debug\lab-03x.ilk
d:\users\lenovo\desktop\lab_03w\lab-03x\x64\debug\vc143.idb
d:\users\lenovo\desktop\lab_03w\lab-03x\x64\debug\vc143.pdb
d:\users\lenovo\desktop\lab_03w\x64\debug\lab-03x.pdb
d:\users\lenovo\desktop\lab_03w\x64\debug\lab-03x.exe
d:\users\lenovo\desktop\lab_03w\lab-03x\x64\debug\lab-03x.tlog\cl.command.1.tlog
d:\users\lenovo\desktop\lab_03w\lab-03x\x64\debug\lab-03x.tlog\cl.items.tlog
d:\users\lenovo\desktop\lab_03w\lab-03x\x64\debug\lab-03x.tlog\cl.read.1.tlog
d:\users\lenovo\desktop\lab_03w\lab-03x\x64\debug\lab-03x.tlog\cl.write.1.tlog
d:\users\lenovo\desktop\lab_03w\lab-03x\x64\debug\lab-03x.tlog\link.command.1.tlog
d:\users\lenovo\desktop\lab_03w\lab-03x\x64\debug\lab-03x.tlog\link.read.1.tlog
d:\users\lenovo\desktop\lab_03w\lab-03x\x64\debug\lab-03x.tlog\link.secondary.1.tlog
d:\users\lenovo\desktop\lab_03w\lab-03x\x64\debug\lab-03x.tlog\link.write.1.tlog
