d:\univer\3_kurs\5_sem\os\lab_03\lab_03w\lab-03a\x64\debug\vc143.pdb
d:\univer\3_kurs\5_sem\os\lab_03\lab_03w\lab-03a\x64\debug\vc143.idb
d:\univer\3_kurs\5_sem\os\lab_03\lab_03w\lab-03a\x64\debug\lab-03a.obj
d:\univer\3_kurs\5_sem\os\lab_03\lab_03w\x64\debug\lab-03a.exe
d:\univer\3_kurs\5_sem\os\lab_03\lab_03w\x64\debug\lab-03a.pdb
d:\univer\3_kurs\5_sem\os\lab_03\lab_03w\lab-03a\x64\debug\lab-03a.ilk
d:\users\lenovo\desktop\lab_03w\lab-03a\x64\debug\lab-03a.obj
d:\users\lenovo\desktop\lab_03w\lab-03a\x64\debug\lab-03a.ilk
d:\users\lenovo\desktop\lab_03w\lab-03a\x64\debug\vc143.idb
d:\users\lenovo\desktop\lab_03w\lab-03a\x64\debug\vc143.pdb
d:\users\lenovo\desktop\lab_03w\x64\debug\lab-03a.pdb
d:\users\lenovo\desktop\lab_03w\x64\debug\lab-03a.exe
d:\users\lenovo\desktop\lab_03w\lab-03a\x64\debug\lab-03a.tlog\cl.command.1.tlog
d:\users\lenovo\desktop\lab_03w\lab-03a\x64\debug\lab-03a.tlog\cl.items.tlog
d:\users\lenovo\desktop\lab_03w\lab-03a\x64\debug\lab-03a.tlog\cl.read.1.tlog
d:\users\lenovo\desktop\lab_03w\lab-03a\x64\debug\lab-03a.tlog\cl.write.1.tlog
d:\users\lenovo\desktop\lab_03w\lab-03a\x64\debug\lab-03a.tlog\link.command.1.tlog
d:\users\lenovo\desktop\lab_03w\lab-03a\x64\debug\lab-03a.tlog\link.read.1.tlog
d:\users\lenovo\desktop\lab_03w\lab-03a\x64\debug\lab-03a.tlog\link.secondary.1.tlog
d:\users\lenovo\desktop\lab_03w\lab-03a\x64\debug\lab-03a.tlog\link.write.1.tlog
