d:\univer\3_kurs\5_sem\os\lab_03\lab_03w\lab-03b\x64\debug\vc143.pdb
d:\univer\3_kurs\5_sem\os\lab_03\lab_03w\lab-03b\x64\debug\vc143.idb
d:\univer\3_kurs\5_sem\os\lab_03\lab_03w\lab-03b\x64\debug\lab-03b.obj
d:\univer\3_kurs\5_sem\os\lab_03\lab_03w\x64\debug\lab-03b.exe
d:\univer\3_kurs\5_sem\os\lab_03\lab_03w\x64\debug\lab-03b.pdb
d:\univer\3_kurs\5_sem\os\lab_03\lab_03w\lab-03b\x64\debug\lab-03b.ilk
d:\users\lenovo\desktop\lab_03w\lab-03b\x64\debug\lab-03b.obj
d:\users\lenovo\desktop\lab_03w\lab-03b\x64\debug\lab-03b.ilk
d:\users\lenovo\desktop\lab_03w\lab-03b\x64\debug\vc143.idb
d:\users\lenovo\desktop\lab_03w\lab-03b\x64\debug\vc143.pdb
d:\users\lenovo\desktop\lab_03w\x64\debug\lab-03b.pdb
d:\users\lenovo\desktop\lab_03w\x64\debug\lab-03b.exe
d:\users\lenovo\desktop\lab_03w\lab-03b\x64\debug\lab-03b.tlog\cl.command.1.tlog
d:\users\lenovo\desktop\lab_03w\lab-03b\x64\debug\lab-03b.tlog\cl.items.tlog
d:\users\lenovo\desktop\lab_03w\lab-03b\x64\debug\lab-03b.tlog\cl.read.1.tlog
d:\users\lenovo\desktop\lab_03w\lab-03b\x64\debug\lab-03b.tlog\cl.write.1.tlog
d:\users\lenovo\desktop\lab_03w\lab-03b\x64\debug\lab-03b.tlog\link.command.1.tlog
d:\users\lenovo\desktop\lab_03w\lab-03b\x64\debug\lab-03b.tlog\link.read.1.tlog
d:\users\lenovo\desktop\lab_03w\lab-03b\x64\debug\lab-03b.tlog\link.secondary.1.tlog
d:\users\lenovo\desktop\lab_03w\lab-03b\x64\debug\lab-03b.tlog\link.write.1.tlog
