d:\univer\3_kurs\5_sem\os\lab_03\lab_03w\lab-03c\x64\debug\vc143.pdb
d:\univer\3_kurs\5_sem\os\lab_03\lab_03w\lab-03c\x64\debug\vc143.idb
d:\univer\3_kurs\5_sem\os\lab_03\lab_03w\lab-03c\x64\debug\lab-03c.obj
d:\univer\3_kurs\5_sem\os\lab_03\lab_03w\x64\debug\lab-03c.exe
d:\univer\3_kurs\5_sem\os\lab_03\lab_03w\x64\debug\lab-03c.pdb
d:\univer\3_kurs\5_sem\os\lab_03\lab_03w\lab-03c\x64\debug\lab-03c.ilk
d:\users\lenovo\desktop\lab_03w\lab-03c\x64\debug\lab-03c.obj
d:\users\lenovo\desktop\lab_03w\lab-03c\x64\debug\lab-03c.ilk
d:\users\lenovo\desktop\lab_03w\lab-03c\x64\debug\vc143.idb
d:\users\lenovo\desktop\lab_03w\lab-03c\x64\debug\vc143.pdb
d:\users\lenovo\desktop\lab_03w\x64\debug\lab-03c.pdb
d:\users\lenovo\desktop\lab_03w\x64\debug\lab-03c.exe
d:\users\lenovo\desktop\lab_03w\lab-03c\x64\debug\lab-03c.tlog\cl.command.1.tlog
d:\users\lenovo\desktop\lab_03w\lab-03c\x64\debug\lab-03c.tlog\cl.items.tlog
d:\users\lenovo\desktop\lab_03w\lab-03c\x64\debug\lab-03c.tlog\cl.read.1.tlog
d:\users\lenovo\desktop\lab_03w\lab-03c\x64\debug\lab-03c.tlog\cl.write.1.tlog
d:\users\lenovo\desktop\lab_03w\lab-03c\x64\debug\lab-03c.tlog\link.command.1.tlog
d:\users\lenovo\desktop\lab_03w\lab-03c\x64\debug\lab-03c.tlog\link.read.1.tlog
d:\users\lenovo\desktop\lab_03w\lab-03c\x64\debug\lab-03c.tlog\link.secondary.1.tlog
d:\users\lenovo\desktop\lab_03w\lab-03c\x64\debug\lab-03c.tlog\link.write.1.tlog
